<?xml version="1.0" encoding="UTF-8"?>
<!-- Generated by org.testng.reporters.JUnitReportReporter -->
<testsuite skipped="0" hostname="DESKTOP-2STE37I" name="HomeScreen" tests="2" failures="0" timestamp="15 Mar 2019 12:49:20 GMT" time="1.535" errors="0">
  <testcase name="HomeScreenViewChecked" time="1.264" classname="HomeScreen"/>
  <testcase name="checkSweepstakesBannerIsDisplayed" time="0.271" classname="HomeScreen"/>
</testsuite> <!-- HomeScreen -->
