<?xml version="1.0" encoding="UTF-8"?>
<!-- Generated by org.testng.reporters.JUnitReportReporter -->
<testsuite skipped="0" hostname="DESKTOP-2STE37I" name="CityResultScreen" tests="1" failures="0" timestamp="08 Jan 2019 14:02:43 GMT" time="5.934" errors="0">
  <testcase name="VerifySearchCityScreen" time="5.934" classname="CityResultScreen"/>
</testsuite> <!-- CityResultScreen -->
