<?xml version="1.0" encoding="UTF-8"?>
<!-- Generated by org.testng.reporters.JUnitReportReporter -->
<testsuite skipped="0" hostname="DESKTOP-2STE37I" name="CityResultScreen" tests="1" failures="0" timestamp="08 Jan 2019 14:17:09 GMT" time="6.032" errors="0">
  <testcase name="VerifySearchCityScreen" time="6.032" classname="CityResultScreen"/>
</testsuite> <!-- CityResultScreen -->
