<?xml version="1.0" encoding="UTF-8"?>
<!-- Generated by org.testng.reporters.JUnitReportReporter -->
<testsuite skipped="0" hostname="DESKTOP-2STE37I" name="HomeScreen" tests="13" failures="0" timestamp="08 Jan 2019 14:17:09 GMT" time="66.286" errors="0">
  <testcase name="TapOnWeatherIcon" time="9.121" classname="HomeScreen"/>
  <testcase name="TapOnWeatherCloseIcon" time="2.286" classname="HomeScreen"/>
  <testcase name="TapOnBookTeeTimeSection" time="1.673" classname="HomeScreen"/>
  <testcase name="CheckViewBookTeeTimeSection" time="1.616" classname="HomeScreen"/>
  <testcase name="VerifySearchEditTextFunctionality" time="8.660" classname="HomeScreen"/>
  <testcase name="VerifyClearTextFunctionality" time="3.123" classname="HomeScreen"/>
  <testcase name="VerifyBackArrowFunctionality" time="2.233" classname="HomeScreen"/>
  <testcase name="VerifyCalenderOpenFunctionality" time="3.413" classname="HomeScreen"/>
  <testcase name="SelectTodayDateFunctionality" time="3.313" classname="HomeScreen"/>
  <testcase name="selectNextDateFunctionality" time="5.450" classname="HomeScreen"/>
  <testcase name="checkNewDateIsApplied" time="2.542" classname="HomeScreen"/>
  <testcase name="selectPlayerOption" time="6.945" classname="HomeScreen"/>
  <testcase name="VerifySearchButtonFunctionality" time="15.911" classname="HomeScreen"/>
</testsuite> <!-- HomeScreen -->
