<?xml version="1.0" encoding="UTF-8"?>
<!-- Generated by org.testng.reporters.JUnitReportReporter -->
<testsuite skipped="0" hostname="DESKTOP-2STE37I" name="HomeScreen" tests="2" failures="0" timestamp="07 Jan 2019 15:20:51 GMT" time="1.927" errors="0">
  <testcase name="HomeScreenViewChecked" time="1.073" classname="HomeScreen"/>
  <testcase name="TapOnWeatherIcon" time="0.854" classname="HomeScreen"/>
</testsuite> <!-- HomeScreen -->
