<?xml version="1.0" encoding="UTF-8"?>
<!-- Generated by org.testng.reporters.JUnitReportReporter -->
<testsuite skipped="0" hostname="DESKTOP-2STE37I" name="CityResultScreen" tests="7" failures="0" timestamp="09 Jan 2019 11:31:46 GMT" time="43.263" errors="0">
  <testcase name="verifySearchCityScreen" time="4.773" classname="CityResultScreen"/>
  <testcase name="verifyFavIconFunctionality" time="1.315" classname="CityResultScreen"/>
  <testcase name="lOGIN" time="17.630" classname="CityResultScreen"/>
  <testcase name="verifyNotificationIconFunctionality" time="10.048" classname="CityResultScreen"/>
  <testcase name="checkMapTabFunctionality" time="5.944" classname="CityResultScreen"/>
  <testcase name="checkMapViewUI" time="2.316" classname="CityResultScreen"/>
  <testcase name="swipeViewPager" time="1.237" classname="CityResultScreen"/>
</testsuite> <!-- CityResultScreen -->
