<?xml version="1.0" encoding="UTF-8"?>
<!-- Generated by org.testng.reporters.JUnitReportReporter -->
<testsuite skipped="0" hostname="DESKTOP-2STE37I" name="HomeScreen" tests="6" failures="0" timestamp="08 Jan 2019 08:53:59 GMT" time="21.919" errors="0">
  <testcase name="TapOnWeatherIcon" time="4.999" classname="HomeScreen"/>
  <testcase name="TapOnWeatherCloseIcon" time="1.997" classname="HomeScreen"/>
  <testcase name="TapOnBookTeeTimeSection" time="1.645" classname="HomeScreen"/>
  <testcase name="CheckViewBookTeeTimeSection" time="1.742" classname="HomeScreen"/>
  <testcase name="VerifySearchEditTextFunctionality" time="8.440" classname="HomeScreen"/>
  <testcase name="VerifyClearTextFunctionality" time="3.096" classname="HomeScreen"/>
</testsuite> <!-- HomeScreen -->
